<?xml version="1.0" encoding="UTF-8"?>
<!-- Generated by org.testng.reporters.JUnitReportReporter -->
<testsuite hostname="DESKTOP-62MGB2C" failures="0" tests="2" name="com.hyr.Tests.FirstTest" time="35.904" errors="0" timestamp="2024-04-04T16:32:48 ART" skipped="0">
  <testcase classname="com.hyr.Tests.FirstTest" name="TestFacebook" time="16.278"/>
  <testcase classname="com.hyr.Tests.FirstTest" name="TestGoogle" time="19.626"/>
</testsuite> <!-- com.hyr.Tests.FirstTest -->
